15 Jun 1994 10:24:02 QUITQ.CMD QUIT 15 Jun 1994 10:21:22 Processor unknown!
15 Jun 1994 10:42:41 QUITQ.CMD QUIT 15 Jun 1994 10:42:33 Normal termination
15 Jun 1994 10:45:01 QUITQ.CMD QUIT 15 Jun 1994 10:44:57 Normal termination
15 Jun 1994 14:12:21 C:\CMD\MIMANGEN.CMD MIGEN.CMD C:\MISOURCE test .REQ  C:\CMD\MIGEN.CMD
15 Jun 1994 14:14:47 C:\CMD\MIMANGEN.CMD MIGEN.CMD C:\MISOURCE test .REQ  C:\CMD\MIGEN.CMD
15 Jun 1994 14:16:22 C:\CMD\MIMANGEN.CMD MIGEN.CMD C:\MISOURCE test .REQ  C:\CMD\MIGEN.CMD
15 Jun 1994 14:25:36 C:\CMD\MIMANGEN.CMD MIGEN.CMD C:\MISOURCE test .REQ  C:\CMD\MIGEN.CMD
15 Jun 1994 14:33:01 C:\CMD\MIMANGEN.CMD MIGEN.CMD C:\MISOURCE test .REQ  C:\CMD\MIGEN.CMD
15 Jun 1994 14:38:19 C:\CMD\MIMANGEN.CMD MIGEN.CMD C:\MISOURCE test .REQ  C:\CMD\MIGEN.CMD
15 Jun 1994 14:47:05 QUITQ.CMD QUIT 15 Jun 1994 14:47:04 Normal termination
15 Jun 1994 14:49:44 C:\CMD\MIMANGEN.CMD MIGEN.CMD C:\MISOURCE test .REQ  C:\CMD\MIGEN.CMD
15 Jun 1994 14:55:35 C:\CMD\MIMANGEN.CMD MIGEN.CMD C:\MISOURCE test .REQ  C:\CMD\MIGEN.CMD
15 Jun 1994 15:08:24 C:\CMD\MIMANGEN.CMD MIGEN.CMD C:\MISOURCE test .REQ  C:\CMD\MIGEN.CMD
15 Jun 1994 15:17:52 QUITQ.CMD QUIT 15 Jun 1994 15:17:48 Normal termination
15 Jun 1994 15:19:36 C:\CMD\MIMANGEN.CMD MIGEN.CMD C:\MISOURCE test .REQ  C:\CMD\MIGEN.CMD
15 Jun 1994 15:28:22 C:\CMD\MIMANGEN.CMD MIGEN.CMD C:\MISOURCE test .REQ  C:\CMD\MIGEN.CMD
15 Jun 1994 16:25:30 C:\CMD\MIMANGEN.CMD MIGEN.CMD C:\MISOURCE test .REQ  C:\CMD\MIGEN.CMD
15 Jun 1994 17:10:59 C:\CMD\MIMANGEN.CMD MIGEN.CMD C:\MISOURCE test .REQ  C:\CMD\MIGEN.CMD
15 Jun 1994 17:12:41 QUITQ.CMD QUIT 15 Jun 1994 17:12:40 Normal termination
15 Jun 1994 17:18:03 C:\CMD\MIMANGEN.CMD MIGEN.CMD C:\MISOURCE test .REQ  C:\CMD\MIGEN.CMD
15 Jun 1994 17:23:28 C:\CMD\MIMANGEN.CMD MIGEN.CMD C:\MISOURCE test5 .REQ  C:\CMD\MIGEN.CMD
15 Jun 1994 17:25:20 QUITQ.CMD QUIT 15 Jun 1994 17:25:15 Normal termination
23 Jun 1994 11:50:44 C:\CMD\MIMANGEN.CMD MIGEN.CMD C:\MISOURCE test2 .REQ  C:\CMD\MIGEN.CMD
23 Jun 1994 13:14:22 QUITQ.CMD QUIT 23 Jun 1994 13:14:18 Normal termination
8 Jul 1994 08:11:26 QUITQ.CMD QUIT 8 Jul 1994 08:11:23 Normal termination
8 Jul 1994 08:14:30 C:\MAX\VIRCHECK.CMD MIGen.CMD C:\MISOURCE\ TEST5 .REQ C:\MAX\MISC\ C:\CMD\MIGen.CMD
13 Jul 1994 14:58:46 C:\MAX\VIRCHECK.CMD MIGen.CMD C:\MAX\FILE\MI\ VAN_DYK .T C:\MAX\MISC\ C:\CMD\MIGen.CMD
13 Jul 1994 15:00:56 C:\MAX\VIRCHECK.CMD MIGen.CMD C:\MAX\FILE\MI\ V_VUUREN .D C:\MAX\MISC\ C:\CMD\MIGen.CMD
14 Jul 1994 17:11:58 C:\CMD\MIMANGEN.CMD MIGEN.CMD C:\MISOURCE test2 .REQ  C:\CMD\MIGEN.CMD
14 Jul 1994 17:17:18 C:\CMD\MIMANGEN.CMD MIGEN.CMD C:\MISOURCE test .REQ  C:\CMD\MIGEN.CMD
14 Jul 1994 17:18:32 C:\CMD\MIMANGEN.CMD MIGEN.CMD C:\MISOURCE test2 .REQ  C:\CMD\MIGEN.CMD
14 Jul 1994 17:35:47 QUITQ.CMD QUIT 14 Jul 1994 17:35:46 Normal termination
14 Jul 1994 17:36:19 QUITQ.CMD QUIT 14 Jul 1994 17:36:18 Normal termination
14 Jul 1994 17:39:23 QUITQ.CMD QUIT 14 Jul 1994 17:39:18 Normal termination
19 Jul 1994 17:36:16 C:\MAX\VIRCHECK.CMD MIGen.CMD C:\BARCLAYS\ BB940728 .ZIP C:\MAX\MISC\ C:\CMD\MIGen.CMD
28 Jul 1994 16:23:57 C:\MAX\VIRCHECK.CMD MIGen.CMD C:\MAX\FILE\MI\ NAGIAH .T C:\MAX\MISC\ C:\CMD\MIGen.CMD
1 Aug 1994 18:29:01 C:\MAX\VIRCHECK.CMD MIGen.CMD C:\MAX\FILE\MI\ PETERS .M C:\MAX\MISC\ C:\CMD\MIGen.CMD
2 Aug 1994 14:48:29 C:\MAX\VIRCHECK.CMD MIGen.CMD C:\MAX\FILE\UNCHECK\ TSTTST .TST C:\MAX\MISC\ C:\CMD\MIGen.CMD
3 Aug 1994 15:35:23 C:\MAX\VIRCHECK.CMD MIGen.CMD C:\MAX\FILE\MI\ GOVENDER .D C:\MAX\MISC\ C:\CMD\MIGen.CMD
3 Aug 1994 15:37:41 C:\MAX\VIRCHECK.CMD MIGen.CMD C:\MAX\FILE\MI\ MKHWANAZ .M C:\MAX\MISC\ C:\CMD\MIGen.CMD
5 Aug 1994 12:21:58 C:\MAX\VIRCHECK.CMD MIGen.CMD C:\BARCLAYS\ BB930804 .ZIP C:\MAX\MISC\ C:\CMD\MIGen.CMD
8 Aug 1994 08:35:00 C:\MAX\VIRCHECK.CMD MIGen.CMD C:\MAX\FILE\MI\ SAMUEL .N C:\MAX\MISC\ C:\CMD\MIGen.CMD
8 Aug 1994 08:37:03 C:\MAX\VIRCHECK.CMD MIGen.CMD C:\MAX\FILE\MI\ NELL .S C:\MAX\MISC\ C:\CMD\MIGen.CMD
15 Aug 1994 13:20:18 C:\MAX\VIRCHECK.CMD MIGen.CMD C:\MAX\FILE\MARTIN\ MARSHAL1 .C C:\MAX\MISC\ C:\CMD\MIGen.CMD
15 Aug 1994 13:40:02 C:\MAX\VIRCHECK.CMD MIGen.CMD C:\MAX\FILE\MARTIN\ MARSHAL1 .C C:\MAX\MISC\ C:\CMD\MIGen.CMD
21 Aug 1994 08:31:50 C:\MAX\VIRCHECK.CMD MIGen.CMD C:\MAX\FILE\GEN\ TEST C:\MAX\MISC\  C:\CMD\MIGen.CMD
21 Aug 1994 08:52:44 C:\MAX\VIRCHECK.CMD MIGen.CMD C:\MAX\FILE\PVT\ T3 C:\MAX\MISC\  C:\CMD\MIGen.CMD
21 Aug 1994 09:03:36 C:\MAX\VIRCHECK.CMD MIGen.CMD C:\BAT\ TEST1 .BAT C:\MAX\MISC\ C:\CMD\MIGen.CMD
21 Aug 1994 21:24:59 C:\MAX\VIRCHECK.CMD MIGen.CMD C:\WPFILES\ BBSGD03 .NOT C:\MAX\MISC\ C:\CMD\MIGen.CMD
30 Aug 1994 13:10:07 QUITQ.CMD QUIT 30 Aug 1994 13:10:04 Normal termination
20 Oct 1994 11:13:45 QUITQ.CMD QUIT 20 Oct 1994 11:13:41 Normal termination
30 Oct 1994 21:27:52 QUITQ.CMD QUIT 30 Oct 1994 21:27:51 Normal termination
31 Oct 1994 07:59:13 QUITQ.CMD QUIT 31 Oct 1994 07:59:10 Normal termination
1 Nov 1994 08:24:53 QUITQ.CMD QUIT 1 Nov 1994 08:24:50 Normal termination
2 Nov 1994 08:31:50 QUITQ.CMD QUIT 2 Nov 1994 08:31:46 Normal termination
7 Nov 1994 08:36:47 QUITQ.CMD QUIT 7 Nov 1994 08:36:41 Normal termination
7 Nov 1994 08:43:02 QUITQ.CMD QUIT 7 Nov 1994 08:42:59 Normal termination
11 Nov 1994 09:16:11 QUITQ.CMD QUIT 11 Nov 1994 09:16:08 Normal termination
14 Nov 1994 08:07:40 QUITQ.CMD QUIT 14 Nov 1994 08:07:40 Normal termination
15 Nov 1994 08:55:33 QUITQ.CMD QUIT 15 Nov 1994 08:55:30 Normal termination
15 Nov 1994 08:56:39 QUITQ.CMD QUIT 15 Nov 1994 08:56:34 Normal termination
15 Nov 1994 09:04:11 QUITQ.CMD QUIT 15 Nov 1994 09:04:10 Normal termination
15 Nov 1994 09:07:29 QUITQ.CMD QUIT 15 Nov 1994 09:07:29 Normal termination
17 Nov 1994 08:32:54 QUITQ.CMD QUIT 17 Nov 1994 08:32:51 Normal termination
17 Nov 1994 08:49:26 QUITQ.CMD QUIT 17 Nov 1994 08:49:21 Normal termination
17 Nov 1994 09:02:04 QUITQ.CMD QUIT 17 Nov 1994 09:02:00 Normal termination
17 Nov 1994 09:06:10 QUITQ.CMD QUIT 17 Nov 1994 09:06:04 Normal termination
17 Nov 1994 09:58:12 QUITQ.CMD QUIT 17 Nov 1994 09:58:09 Normal termination
17 Nov 1994 12:03:19 QUITQ.CMD QUIT 17 Nov 1994 12:03:17 Normal termination
17 Nov 1994 12:03:48 QUITQ.CMD QUIT 17 Nov 1994 12:03:44 Normal termination
29 Nov 1994 10:17:17 QUITQ.CMD QUIT 29 Nov 1994 10:17:15 Normal termination
30 Nov 1994 07:51:16 QUITQ.CMD QUIT 30 Nov 1994 07:51:14 Normal termination
2 Dec 1994 12:44:47 QUITQ.CMD QUIT 2 Dec 1994 12:44:42 Normal termination
8 Dec 1994 08:08:09 QUITQ.CMD QUIT 8 Dec 1994 08:08:05 Normal termination
8 Dec 1994 12:59:50 QUITQ.CMD QUIT 8 Dec 1994 12:59:49 Normal termination
3 Jan 1995 16:01:30 QUITQ.CMD QUIT 3 Jan 1995 16:01:26 Normal termination
17 Jan 1995 15:19:27 QUITQ.CMD QUIT 17 Jan 1995 15:19:23 Normal termination
18 Jan 1995 16:46:50 QUITQ.CMD QUIT 18 Jan 1995 16:46:46 Normal termination
27 Jan 1995 12:35:53 QUITQ.CMD QUIT 27 Jan 1995 12:35:50 Normal termination
27 Jan 1995 13:01:47 QUITQ.CMD QUIT 27 Jan 1995 13:01:44 Normal termination
27 Jan 1995 16:43:23 QUITQ.CMD QUIT 27 Jan 1995 16:43:22 Normal termination
28 Jan 1995 10:45:38 QUITQ.CMD QUIT 28 Jan 1995 10:45:35 Normal termination
1 Mar 1995 15:06:53 QUITQ.CMD QUIT 1 Mar 1995 15:06:49 Normal termination
2 Mar 1995 14:17:24 QUITQ.CMD QUIT 2 Mar 1995 14:17:22 Normal termination
3 Mar 1995 09:11:06 QUITQ.CMD QUIT 3 Mar 1995 09:11:04 Normal termination
9 Mar 1995 14:32:19 QUITQ.CMD QUIT 9 Mar 1995 14:32:16 Normal termination
14 Mar 1995 10:24:03 QUITQ.CMD QUIT 14 Mar 1995 10:23:59 Normal termination
14 Mar 1995 10:46:18 QUITQ.CMD QUIT 14 Mar 1995 10:46:15 Normal termination
14 Mar 1995 15:16:04 QUITQ.CMD QUIT 14 Mar 1995 15:15:58 Normal termination
17 Mar 1995 13:29:19 QUITQ.CMD QUIT 17 Mar 1995 13:29:18 Normal termination
17 Mar 1995 14:03:08 QUITQ.CMD QUIT 17 Mar 1995 14:03:05 Normal termination
22 Mar 1995 15:27:42 QUITQ.CMD QUIT 22 Mar 1995 15:27:40 Normal termination
29 Mar 1995 10:45:17 QUITQ.CMD QUIT 29 Mar 1995 10:45:12 Normal termination
30 Mar 1995 09:56:46 QUITQ.CMD QUIT 30 Mar 1995 09:56:44 Normal termination
3 Apr 1995 12:48:56 QUITQ.CMD QUIT 3 Apr 1995 12:48:53 Normal termination
4 Apr 1995 14:36:53 QUITQ.CMD QUIT 4 Apr 1995 14:36:49 Normal termination
13 Apr 1995 15:31:11 QUITQ.CMD QUIT 13 Apr 1995 15:31:08 Normal termination
19 Apr 1995 16:42:04 QUITQ.CMD QUIT 19 Apr 1995 16:41:59 Normal termination
21 Apr 1995 13:45:00 QUITQ.CMD QUIT 21 Apr 1995 13:44:58 Normal termination
23 Apr 1995 12:00:19 QUITQ.CMD QUIT 23 Apr 1995 12:00:18 Normal termination
24 Apr 1995 08:10:03 QUITQ.CMD QUIT 23 Apr 1995 12:00:24 Normal termination
24 Apr 1995 08:14:38 QUITQ.CMD QUIT 23 Apr 1995 12:00:21 Normal termination
24 Apr 1995 08:16:21 QUITQ.CMD QUIT 24 Apr 1995 08:16:17 Normal termination
24 Apr 1995 15:38:03 QUITQ.CMD QUIT 24 Apr 1995 15:37:59 Normal termination
24 Apr 1995 17:01:07 QUITQ.CMD QUIT 24 Apr 1995 17:01:04 Normal termination
25 Apr 1995 11:52:46 QUITQ.CMD QUIT 25 Apr 1995 11:52:44 Normal termination
25 Apr 1995 12:08:57 QUITQ.CMD QUIT 25 Apr 1995 12:08:53 Normal termination
28 Apr 1995 16:39:54 QUITQ.CMD QUIT 28 Apr 1995 16:39:50 Normal termination
30 Apr 1995 12:40:41 QUITQ.CMD QUIT 30 Apr 1995 12:40:38 Normal termination
1 May 1995 21:42:15 QUITQ.CMD QUIT 1 May 1995 21:42:11 Normal termination
1 May 1995 23:02:03 QUITQ.CMD QUIT 1 May 1995 23:01:58 Normal termination
1 May 1995 23:49:29 QUITQ.CMD QUIT 1 May 1995 23:49:25 Normal termination
1 May 1995 23:55:47 QUITQ.CMD QUIT 1 May 1995 23:51:54 Normal termination
2 May 1995 12:17:04 QUITQ.CMD QUIT 2 May 1995 12:17:00 Normal termination
3 May 1995 10:05:05 D:\MAX\VIRCHECK.CMD MIGen.CMD D:\MAX\FILE\MISSION\ STRANACK .REQ D:\MAX\MISC\ D:\cmd\MIGen.CMD
9 May 1995 08:24:55 QUITQ.CMD QUIT 9 May 1995 08:24:51 Normal termination
10 May 1995 10:03:19 QUITQ.CMD QUIT 10 May 1995 10:03:15 Normal termination
10 May 1995 10:19:57 QUITQ.CMD QUIT 10 May 1995 10:19:53 Normal termination
16 May 1995 12:00:51 QUITQ.CMD QUIT 16 May 1995 12:00:46 Normal termination
18 May 1995 08:28:41 QUITQ.CMD QUIT 18 May 1995 08:28:38 Normal termination
19 May 1995 09:34:17 QUITQ.CMD QUIT 19 May 1995 09:34:16 Normal termination
23 May 1995 08:04:42 QUITQ.CMD QUIT 23 May 1995 08:04:37 Normal termination
6 Jun 1995 14:54:08 QUITQ.CMD QUIT 6 Jun 1995 14:54:04 Normal termination
6 Jun 1995 17:50:05 QUITQ.CMD QUIT 6 Jun 1995 17:50:02 Normal termination
7 Jun 1995 09:10:18 QUITQ.CMD QUIT 7 Jun 1995 09:10:16 Normal termination
7 Jun 1995 10:05:21 QUITQ.CMD QUIT 7 Jun 1995 10:05:17 Normal termination
7 Jun 1995 10:38:17 QUITQ.CMD QUIT 7 Jun 1995 10:37:56 Normal termination
7 Jun 1995 12:05:46 QUITQ.CMD QUIT 7 Jun 1995 12:05:41 Normal termination
11 Jun 1995 15:30:02 QUITQ.CMD QUIT 11 Jun 1995 15:29:58 Normal termination
12 Jun 1995 14:22:10 QUITQ.CMD QUIT 12 Jun 1995 14:22:06 Normal termination
13 Jun 1995 14:59:31 QUITQ.CMD QUIT 13 Jun 1995 14:59:28 Normal termination
13 Jun 1995 16:28:17 QUITQ.CMD QUIT 13 Jun 1995 16:28:15 Normal termination
15 Jun 1995 08:47:00 QUITQ.CMD QUIT 15 Jun 1995 08:46:56 Normal termination
15 Jun 1995 09:15:18 QUITQ.CMD QUIT 15 Jun 1995 09:15:15 Normal termination
15 Jun 1995 11:01:24 QUITQ.CMD QUIT 15 Jun 1995 11:01:23 Normal termination
15 Jun 1995 11:27:41 QUITQ.CMD QUIT 15 Jun 1995 11:27:37 Normal termination
19 Jun 1995 09:25:58 QUITQ.CMD QUIT 19 Jun 1995 09:25:54 Normal termination
19 Jun 1995 10:15:43 QUITQ.CMD QUIT 19 Jun 1995 10:15:38 Normal termination
19 Jun 1995 14:33:51 QUITQ.CMD QUIT 19 Jun 1995 14:33:50 Normal termination
20 Jun 1995 07:42:24 QUITQ.CMD QUIT 20 Jun 1995 07:42:19 Normal termination
26 Jun 1995 08:51:24 QUITQ.CMD QUIT 26 Jun 1995 08:51:22 Normal termination
28 Jun 1995 09:59:52 QUITQ.CMD QUIT 28 Jun 1995 09:59:47 Normal termination
3 Jul 1995 11:39:49 QUITQ.CMD QUIT 3 Jul 1995 11:39:45 Normal termination
3 Jul 1995 16:41:19 QUITQ.CMD QUIT 3 Jul 1995 16:41:18 Normal termination
13 Jul 1995 09:16:53 QUITQ.CMD QUIT 13 Jul 1995 09:16:47 Normal termination
25 Jul 1995 07:51:19 QUITQ.CMD QUIT 25 Jul 1995 07:51:16 Normal termination
8 Aug 1995 16:47:56 QUITQ.CMD QUIT 8 Aug 1995 16:47:52 Normal termination
11 Aug 1995 16:53:43 QUITQ.CMD QUIT 11 Aug 1995 16:53:42 Normal termination
12 Aug 1995 13:10:57 QUITQ.CMD QUIT 12 Aug 1995 13:10:54 Normal termination
12 Aug 1995 16:55:18 QUITQ.CMD QUIT 12 Aug 1995 16:55:18 Normal termination
12 Aug 1995 17:12:23 QUITQ.CMD QUIT 12 Aug 1995 17:12:21 Normal termination
12 Aug 1995 18:57:46 QUITQ.CMD QUIT 12 Aug 1995 18:57:45 Normal termination
12 Aug 1995 21:08:35 QUITQ.CMD QUIT 12 Aug 1995 21:08:31 Normal termination
12 Aug 1995 21:26:53 QUITQ.CMD QUIT 12 Aug 1995 21:26:48 Normal termination
12 Aug 1995 21:51:35 QUITQ.CMD QUIT 12 Aug 1995 21:50:55 Normal termination
14 Aug 1995 16:42:49 QUITQ.CMD QUIT 14 Aug 1995 16:42:45 Normal termination
15 Aug 1995 08:49:26 QUITQ.CMD QUIT 15 Aug 1995 08:49:24 Normal termination
16 Aug 1995 12:12:23 QUITQ.CMD QUIT 16 Aug 1995 12:12:12 Normal termination
16 Aug 1995 13:26:32 QUITQ.CMD QUIT 16 Aug 1995 13:26:30 Normal termination
17 Aug 1995 15:19:51 QUITQ.CMD QUIT 17 Aug 1995 15:19:43 Normal termination
18 Aug 1995 15:01:14 QUITQ.CMD QUIT 18 Aug 1995 15:01:10 Normal termination
21 Aug 1995 09:25:11 QUITQ.CMD QUIT 21 Aug 1995 09:25:07 Normal termination
21 Aug 1995 10:41:09 QUITQ.CMD QUIT 21 Aug 1995 10:41:08 Normal termination
21 Aug 1995 14:54:56 QUITQ.CMD QUIT 21 Aug 1995 14:54:55 Normal termination
24 Aug 1995 08:00:54 QUITQ.CMD QUIT 24 Aug 1995 08:00:51 Normal termination
28 Aug 1995 09:52:12 QUITQ.CMD QUIT 28 Aug 1995 09:52:11 Normal termination
1 Sep 1995 12:09:21 QUITQ.CMD QUIT 1 Sep 1995 12:09:16 Normal termination
4 Sep 1995 08:56:03 QUITQ.CMD QUIT 4 Sep 1995 08:55:58 Normal termination
7 Sep 1995 13:00:40 QUITQ.CMD QUIT 7 Sep 1995 13:00:38 Normal termination
8 Sep 1995 11:05:00 QUITQ.CMD QUIT 8 Sep 1995 11:04:58 Normal termination
15 Sep 1995 09:38:09 QUITQ.CMD QUIT 15 Sep 1995 09:38:04 Normal termination
19 Sep 1995 09:33:54 QUITQ.CMD QUIT 19 Sep 1995 09:33:51 Normal termination
22 Sep 1995 09:39:52 QUITQ.CMD QUIT 22 Sep 1995 09:39:47 Normal termination
26 Sep 1995 16:58:11 QUITQ.CMD QUIT 26 Sep 1995 16:58:07 Normal termination
26 Sep 1995 17:01:57 QUITQ.CMD QUIT 26 Sep 1995 17:01:53 Normal termination
27 Sep 1995 08:01:50 QUITQ.CMD QUIT 27 Sep 1995 08:01:42 Normal termination
27 Sep 1995 08:19:13 QUITQ.CMD QUIT 27 Sep 1995 08:19:08 Normal termination
6 Oct 1995 14:59:42 QUITQ.CMD QUIT 6 Oct 1995 14:59:39 Normal termination
10 Oct 1995 09:04:08 QUITQ.CMD QUIT 10 Oct 1995 09:04:03 Normal termination
10 Oct 1995 09:13:59 QUITQ.CMD QUIT 10 Oct 1995 09:13:55 Normal termination
13 Oct 1995 08:17:21 QUITQ.CMD QUIT 13 Oct 1995 08:17:18 Normal termination
16 Oct 1995 12:07:00 QUITQ.CMD QUIT 16 Oct 1995 12:06:57 Normal termination
16 Oct 1995 12:20:57 QUITQ.CMD QUIT 16 Oct 1995 12:20:53 Normal termination
16 Oct 1995 12:23:48 QUITQ.CMD QUIT 16 Oct 1995 12:22:30 Normal termination
19 Oct 1995 13:09:18 QUITQ.CMD QUIT 19 Oct 1995 13:09:14 Normal termination
26 Oct 1995 08:05:32 QUITQ.CMD QUIT 26 Oct 1995 08:05:27 Normal termination
26 Oct 1995 11:29:21 QUITQ.CMD QUIT 26 Oct 1995 11:29:19 Normal termination
3 Nov 1995 12:03:36 QUITQ.CMD QUIT 3 Nov 1995 12:03:30 Normal termination
7 Nov 1995 13:02:47 QUITQ.CMD QUIT 7 Nov 1995 13:02:46 Normal termination
8 Nov 1995 15:18:39 QUITQ.CMD QUIT 8 Nov 1995 15:18:35 Normal termination
16 Nov 1995 12:24:42 QUITQ.CMD QUIT 16 Nov 1995 12:24:41 Normal termination
17 Nov 1995 08:43:14 QUITQ.CMD QUIT 17 Nov 1995 08:43:13 Normal termination
17 Nov 1995 12:53:10 QUITQ.CMD QUIT 17 Nov 1995 12:53:09 Normal termination
4 Dec 1995 09:45:16 QUITQ.CMD QUIT 4 Dec 1995 09:45:14 Normal termination
6 Dec 1995 16:57:54 QUITQ.CMD QUIT 6 Dec 1995 16:57:50 Normal termination
11 Dec 1995 09:25:44 QUITQ.CMD QUIT 11 Dec 1995 09:25:41 Normal termination
11 Dec 1995 16:21:11 QUITQ.CMD QUIT 11 Dec 1995 16:21:06 Normal termination
12 Dec 1995 08:25:46 QUITQ.CMD QUIT 12 Dec 1995 08:25:42 Normal termination
14 Dec 1995 16:48:18 QUITQ.CMD QUIT 14 Dec 1995 16:48:13 Normal termination
18 Dec 1995 12:17:19 QUITQ.CMD QUIT 18 Dec 1995 12:17:14 Normal termination
18 Dec 1995 14:11:39 QUITQ.CMD QUIT 18 Dec 1995 14:11:37 Normal termination
19 Dec 1995 08:52:30 QUITQ.CMD QUIT 19 Dec 1995 08:52:26 Normal termination
19 Dec 1995 13:42:43 QUITQ.CMD QUIT 19 Dec 1995 13:42:41 Normal termination
28 Dec 1995 10:02:38 QUITQ.CMD QUIT 28 Dec 1995 10:02:34 Normal termination
3 Jan 1996 15:05:00 QUITQ.CMD QUIT 3 Jan 1996 15:04:58 Normal termination
9 Jan 1996 11:49:36 QUITQ.CMD QUIT 9 Jan 1996 11:49:35 Normal termination
11 Jan 1996 11:03:35 QUITQ.CMD QUIT 11 Jan 1996 11:03:33 Normal termination
12 Jan 1996 08:59:58 QUITQ.CMD QUIT 12 Jan 1996 08:59:56 Normal termination
12 Jan 1996 10:02:33 QUITQ.CMD QUIT 12 Jan 1996 10:02:32 Normal termination
18 Jan 1996 11:00:57 QUITQ.CMD QUIT 18 Jan 1996 11:00:48 Normal termination
23 Jan 1996 08:33:26 QUITQ.CMD QUIT 23 Jan 1996 08:33:22 Normal termination
30 Jan 1996 15:00:56 QUITQ.CMD QUIT 30 Jan 1996 15:00:53 Normal termination
6 Feb 1996 08:33:04 QUITQ.CMD QUIT 6 Feb 1996 08:32:59 Normal termination
6 Feb 1996 09:49:28 QUITQ.CMD QUIT 6 Feb 1996 09:49:25 Normal termination
6 Feb 1996 14:39:10 QUITQ.CMD QUIT 6 Feb 1996 14:39:06 Normal termination
6 Feb 1996 14:44:50 QUITQ.CMD QUIT 6 Feb 1996 14:44:48 Normal termination
6 Feb 1996 15:01:04 6 Feb 1996 14:58:49 Processor unknown!
6 Feb 1996 15:16:02 6 Feb 1996 15:09:27 Processor unknown!
6 Feb 1996 15:23:59 6 Feb 1996 15:09:26 Processor unknown!
6 Feb 1996 15:56:51 6 Feb 1996 15:42:38 Processor unknown!
6 Feb 1996 15:59:36 QUITQ.CMD QUIT 6 Feb 1996 15:58:14 Normal termination
6 Feb 1996 16:00:50 updbbsal.cmd D:\CMD\updbbsal.cmd
6 Feb 1996 16:03:32 6 Feb 1996 16:00:48 Processor unknown!
6 Feb 1996 16:34:14 QUITQ.CMD QUIT 6 Feb 1996 16:34:13 Normal termination
6 Feb 1996 16:39:44 updbbsal.cmd D:\CMD\updbbsal.cmd
6 Feb 1996 16:42:55 6 Feb 1996 16:38:32 Processor unknown!
8 Feb 1996 13:41:17 QUITQ.CMD QUIT 8 Feb 1996 13:41:12 Normal termination
12 Feb 1996 09:04:22 QUITQ.CMD QUIT 12 Feb 1996 09:04:19 Normal termination
12 Feb 1996 11:23:08 QUITQ.CMD QUIT 12 Feb 1996 11:23:04 Normal termination
12 Feb 1996 12:00:31 QUITQ.CMD QUIT 12 Feb 1996 12:00:26 Normal termination
14 Feb 1996 12:50:33 QUITQ.CMD QUIT 14 Feb 1996 12:50:29 Normal termination
15 Feb 1996 14:31:41 QUITQ.CMD QUIT 15 Feb 1996 14:31:40 Normal termination
23 Feb 1996 11:21:02 QUITQ.CMD QUIT 23 Feb 1996 11:20:58 Normal termination
23 Feb 1996 15:23:50 QUITQ.CMD QUIT 23 Feb 1996 15:23:48 Normal termination
23 Feb 1996 16:44:40 QUITQ.CMD QUIT 23 Feb 1996 16:44:37 Normal termination
4 Mar 1996 09:00:44 QUITQ.CMD QUIT 4 Mar 1996 09:00:43 Normal termination
4 Mar 1996 13:02:03 QUITQ.CMD QUIT 4 Mar 1996 13:02:02 Normal termination
4 Mar 1996 13:11:30 QUITQ.CMD QUIT 4 Mar 1996 13:11:27 Normal termination
4 Mar 1996 14:46:30 QUITQ.CMD QUIT 4 Mar 1996 14:46:30 Normal termination
8 Mar 1996 12:45:18 QUITQ.CMD QUIT 8 Mar 1996 12:45:16 Normal termination
8 Mar 1996 12:55:43 QUITQ.CMD QUIT 8 Mar 1996 12:55:38 Normal termination
8 Mar 1996 12:58:07 QUITQ.CMD QUIT 8 Mar 1996 12:58:03 Normal termination
15 Mar 1996 17:13:14 QUITQ.CMD QUIT 15 Mar 1996 17:13:12 Normal termination
4 Apr 1996 11:36:04 QUITQ.CMD QUIT 4 Apr 1996 11:36:03 Normal termination
